[0.016s] Invoking command in '/home/peri/Desktop/Studium/ROS Robotik/SurfaceScanner_ws/build/SurfaceScanner': CMAKE_PREFIX_PATH=${CMAKE_PREFIX_PATH}:/opt/ros/humble CONDA_PROMPT_MODIFIER=(base) /usr/bin/cmake --build /home/peri/Desktop/Studium/ROS Robotik/SurfaceScanner_ws/build/SurfaceScanner -- -j8 -l8
[0.057s] [ 50%] [32mBuilding CXX object CMakeFiles/surface_scanner_node.dir/src/SurfaceScannerNode.cpp.o[0m
[0.384s] In file included from [01m[K/home/peri/Desktop/Studium/ROS Robotik/SurfaceScanner_ws/src/SurfaceScanner/src/SurfaceScannerNode.cpp:5[m[K:
[0.384s] [01m[K/home/peri/Desktop/Studium/ROS Robotik/SurfaceScanner_ws/src/SurfaceScanner/src/Scanner.hpp:11:10:[m[K [01;31m[Kfatal error: [m[Ksensor_msgs/PointCloud2.h: No such file or directory
[0.384s]    11 | #include [01;31m[K<sensor_msgs/PointCloud2.h>[m[K
[0.384s]       |          [01;31m[K^~~~~~~~~~~~~~~~~~~~~~~~~~~[m[K
[0.384s] compilation terminated.
[0.396s] gmake[2]: *** [CMakeFiles/surface_scanner_node.dir/build.make:76: CMakeFiles/surface_scanner_node.dir/src/SurfaceScannerNode.cpp.o] Error 1
[0.396s] gmake[1]: *** [CMakeFiles/Makefile2:137: CMakeFiles/surface_scanner_node.dir/all] Error 2
[0.396s] gmake: *** [Makefile:146: all] Error 2
[0.398s] Invoked command in '/home/peri/Desktop/Studium/ROS Robotik/SurfaceScanner_ws/build/SurfaceScanner' returned '2': CMAKE_PREFIX_PATH=${CMAKE_PREFIX_PATH}:/opt/ros/humble CONDA_PROMPT_MODIFIER=(base) /usr/bin/cmake --build /home/peri/Desktop/Studium/ROS Robotik/SurfaceScanner_ws/build/SurfaceScanner -- -j8 -l8
